<?xml version="1.0" encoding="UTF-8"?>
<!-- Generated by org.testng.reporters.JUnitReportReporter -->
<testsuite hostname="aravindhan" failures="0" tests="1" name="TestCases.TC002_login" time="19.952" errors="0" timestamp="2024-10-21T22:54:08 IST" skipped="0">
  <testcase classname="TestCases.TC002_login" name="verificyLogin" time="19.952"/>
</testsuite> <!-- TestCases.TC002_login -->
