<?xml version="1.0" encoding="UTF-8"?>
<!-- Generated by org.testng.reporters.JUnitReportReporter -->
<testsuite hostname="aravindhan" failures="0" tests="1" name="TestCases.TC_AccountRegTest" time="134.466" errors="0" timestamp="2024-10-22T09:16:05 IST" skipped="0">
  <testcase classname="TestCases.TC_AccountRegTest" name="regester" time="134.466"/>
</testsuite> <!-- TestCases.TC_AccountRegTest -->
