<?xml version="1.0" encoding="UTF-8"?>
<!-- Generated by org.testng.reporters.JUnitReportReporter -->
<testsuite hostname="aravindhan" failures="0" tests="1" name="TestCases.TC002_login" time="5.989" errors="0" timestamp="2024-10-22T10:18:38 IST" skipped="0">
  <testcase classname="TestCases.TC002_login" name="verificyLogin" time="5.989"/>
</testsuite> <!-- TestCases.TC002_login -->
