<?xml version="1.0" encoding="UTF-8"?>
<!-- Generated by org.testng.reporters.JUnitReportReporter -->
<testsuite hostname="aravindhan" failures="0" tests="1" name="TestCases.TC_AccountRegTest" time="22.996" errors="0" timestamp="2024-10-22T10:18:38 IST" skipped="0">
  <testcase classname="TestCases.TC_AccountRegTest" name="regester" time="22.996"/>
</testsuite> <!-- TestCases.TC_AccountRegTest -->
